[19:53:52] [Server thread/INFO]: Starting minecraft server version 1.7.9
[19:53:52] [Server thread/INFO]: Loading properties
[19:53:52] [Server thread/INFO]: Default game type: SURVIVAL
[19:53:52] [Server thread/INFO]: This server is running CraftBukkit version git-Spigot-1493 (MC: 1.7.9) (Implementing API version 1.7.9-R0.3-SNAPSHOT)
[19:53:52] [Server thread/INFO]: Server Ping Player Sample Count: 12
[19:53:52] [Server thread/INFO]: Using 4 threads for Netty based IO
[19:53:52] [Server thread/INFO]: Generating keypair
[19:53:53] [Server thread/INFO]: Starting Minecraft server on *:25565
[19:53:53] [Server thread/ERROR]: Ambiguous plugin name `Tournament-Project' for files `plugins\Tournament-Project-1.2.0-BETA.jar' and `plugins\Tournament-Project-1.2.0-BETA-shaded.jar' in `plugins'
[19:53:53] [Server thread/INFO]: [Tournament-Project] Loading Tournament-Project v1.2.0-BETA
[19:53:53] [Server thread/INFO]: **** Beginning UUID conversion, this may take A LONG time ****
[19:53:53] [Server thread/INFO]: Preparing level "world"
[19:53:53] [Server thread/INFO]: -------- World Settings For [world] --------
[19:53:53] [Server thread/INFO]: Chunks to Grow per Tick: 650
[19:53:53] [Server thread/INFO]: Clear tick list: false
[19:53:53] [Server thread/INFO]: View Distance: 10
[19:53:53] [Server thread/INFO]: Experience Merge Radius: 3.0
[19:53:53] [Server thread/INFO]: Alternative Hopper Ticking: false
[19:53:53] [Server thread/INFO]: Hopper Transfer: 8 Hopper Check: 8 Hopper Amount: 1
[19:53:53] [Server thread/INFO]: Random Lighting Updates: false
[19:53:53] [Server thread/INFO]: Structure Info Saving: true
[19:53:53] [Server thread/INFO]: Entity Tracking Range: Pl 48 / An 48 / Mo 48 / Mi 32 / Other 64
[19:53:53] [Server thread/INFO]: Anti X-Ray: true
[19:53:53] [Server thread/INFO]: 	Engine Mode: 1
[19:53:53] [Server thread/INFO]: 	Hidden Blocks: [14, 15, 16, 21, 48, 49, 54, 56, 73, 74, 82, 129, 130]
[19:53:53] [Server thread/INFO]: 	Replace Blocks: [1, 5]
[19:53:53] [Server thread/INFO]: Nerfing mobs spawned from spawners: false
[19:53:53] [Server thread/INFO]: Mob Spawn Range: 4
[19:53:53] [Server thread/INFO]: Item Merge Radius: 2.5
[19:53:53] [Server thread/INFO]: Allow Zombie Pigmen to spawn from portal blocks: true
[19:53:53] [Server thread/INFO]: Zombie Aggressive Towards Villager: true
[19:53:53] [Server thread/INFO]: Item Despawn Rate: 6000
[19:53:53] [Server thread/INFO]: Arrow Despawn Rate: 1200
[19:53:53] [Server thread/INFO]: Entity Activation Range: An 32 / Mo 32 / Mi 16
[19:53:53] [Server thread/INFO]: Sending up to 5 chunks per packet
[19:53:53] [Server thread/INFO]: Max Entity Collisions: 8
[19:53:53] [Server thread/INFO]: Cactus Growth Modifier: 100%
[19:53:53] [Server thread/INFO]: Cane Growth Modifier: 100%
[19:53:53] [Server thread/INFO]: Melon Growth Modifier: 100%
[19:53:53] [Server thread/INFO]: Mushroom Growth Modifier: 100%
[19:53:53] [Server thread/INFO]: Pumpkin Growth Modifier: 100%
[19:53:53] [Server thread/INFO]: Sapling Growth Modifier: 100%
[19:53:53] [Server thread/INFO]: Wheat Growth Modifier: 100%
[19:53:53] [Server thread/INFO]: -------- World Settings For [world_nether] --------
[19:53:53] [Server thread/INFO]: Chunks to Grow per Tick: 650
[19:53:53] [Server thread/INFO]: Clear tick list: false
[19:53:53] [Server thread/INFO]: View Distance: 10
[19:53:53] [Server thread/INFO]: Experience Merge Radius: 3.0
[19:53:53] [Server thread/INFO]: Alternative Hopper Ticking: false
[19:53:53] [Server thread/INFO]: Hopper Transfer: 8 Hopper Check: 8 Hopper Amount: 1
[19:53:53] [Server thread/INFO]: Random Lighting Updates: false
[19:53:53] [Server thread/INFO]: Structure Info Saving: true
[19:53:53] [Server thread/INFO]: Entity Tracking Range: Pl 48 / An 48 / Mo 48 / Mi 32 / Other 64
[19:53:53] [Server thread/INFO]: Anti X-Ray: true
[19:53:53] [Server thread/INFO]: 	Engine Mode: 1
[19:53:53] [Server thread/INFO]: 	Hidden Blocks: [14, 15, 16, 21, 48, 49, 54, 56, 73, 74, 82, 129, 130]
[19:53:53] [Server thread/INFO]: 	Replace Blocks: [1, 5]
[19:53:53] [Server thread/INFO]: Nerfing mobs spawned from spawners: false
[19:53:53] [Server thread/INFO]: Mob Spawn Range: 4
[19:53:53] [Server thread/INFO]: Item Merge Radius: 2.5
[19:53:53] [Server thread/INFO]: Allow Zombie Pigmen to spawn from portal blocks: true
[19:53:53] [Server thread/INFO]: Zombie Aggressive Towards Villager: true
[19:53:53] [Server thread/INFO]: Item Despawn Rate: 6000
[19:53:53] [Server thread/INFO]: Arrow Despawn Rate: 1200
[19:53:53] [Server thread/INFO]: Entity Activation Range: An 32 / Mo 32 / Mi 16
[19:53:53] [Server thread/INFO]: Sending up to 5 chunks per packet
[19:53:53] [Server thread/INFO]: Max Entity Collisions: 8
[19:53:53] [Server thread/INFO]: Cactus Growth Modifier: 100%
[19:53:53] [Server thread/INFO]: Cane Growth Modifier: 100%
[19:53:53] [Server thread/INFO]: Melon Growth Modifier: 100%
[19:53:53] [Server thread/INFO]: Mushroom Growth Modifier: 100%
[19:53:53] [Server thread/INFO]: Pumpkin Growth Modifier: 100%
[19:53:53] [Server thread/INFO]: Sapling Growth Modifier: 100%
[19:53:53] [Server thread/INFO]: Wheat Growth Modifier: 100%
[19:53:53] [Server thread/INFO]: -------- World Settings For [world_the_end] --------
[19:53:53] [Server thread/INFO]: Chunks to Grow per Tick: 650
[19:53:53] [Server thread/INFO]: Clear tick list: false
[19:53:53] [Server thread/INFO]: View Distance: 10
[19:53:53] [Server thread/INFO]: Experience Merge Radius: 3.0
[19:53:53] [Server thread/INFO]: Alternative Hopper Ticking: false
[19:53:53] [Server thread/INFO]: Hopper Transfer: 8 Hopper Check: 8 Hopper Amount: 1
[19:53:53] [Server thread/INFO]: Random Lighting Updates: false
[19:53:53] [Server thread/INFO]: Structure Info Saving: true
[19:53:53] [Server thread/INFO]: Entity Tracking Range: Pl 48 / An 48 / Mo 48 / Mi 32 / Other 64
[19:53:53] [Server thread/INFO]: Anti X-Ray: true
[19:53:53] [Server thread/INFO]: 	Engine Mode: 1
[19:53:53] [Server thread/INFO]: 	Hidden Blocks: [14, 15, 16, 21, 48, 49, 54, 56, 73, 74, 82, 129, 130]
[19:53:53] [Server thread/INFO]: 	Replace Blocks: [1, 5]
[19:53:53] [Server thread/INFO]: Nerfing mobs spawned from spawners: false
[19:53:53] [Server thread/INFO]: Mob Spawn Range: 4
[19:53:53] [Server thread/INFO]: Item Merge Radius: 2.5
[19:53:53] [Server thread/INFO]: Allow Zombie Pigmen to spawn from portal blocks: true
[19:53:53] [Server thread/INFO]: Zombie Aggressive Towards Villager: true
[19:53:53] [Server thread/INFO]: Item Despawn Rate: 6000
[19:53:53] [Server thread/INFO]: Arrow Despawn Rate: 1200
[19:53:53] [Server thread/INFO]: Entity Activation Range: An 32 / Mo 32 / Mi 16
[19:53:53] [Server thread/INFO]: Sending up to 5 chunks per packet
[19:53:53] [Server thread/INFO]: Max Entity Collisions: 8
[19:53:53] [Server thread/INFO]: Cactus Growth Modifier: 100%
[19:53:53] [Server thread/INFO]: Cane Growth Modifier: 100%
[19:53:53] [Server thread/INFO]: Melon Growth Modifier: 100%
[19:53:53] [Server thread/INFO]: Mushroom Growth Modifier: 100%
[19:53:53] [Server thread/INFO]: Pumpkin Growth Modifier: 100%
[19:53:53] [Server thread/INFO]: Sapling Growth Modifier: 100%
[19:53:53] [Server thread/INFO]: Wheat Growth Modifier: 100%
[19:53:53] [Server thread/INFO]: Preparing start region for level 0 (Seed: 4662646536519740736)
[19:53:54] [Server thread/INFO]: Preparing spawn area: 95%
[19:53:54] [Server thread/INFO]: Preparing start region for level 1 (Seed: 4662646536519740736)
[19:53:55] [Server thread/INFO]: Preparing start region for level 2 (Seed: 4662646536519740736)
[19:53:55] [Server thread/INFO]: [Tournament-Project] Enabling Tournament-Project v1.2.0-BETA
[19:53:55] [Server thread/INFO]: [Tournament] (Debug) Starting time application!: null
[19:53:55] [Server thread/ERROR]: Error occurred while enabling Tournament-Project v1.2.0-BETA (Is it up to date?)
java.lang.NoClassDefFoundError: com/dumptruckman/bukkit/configuration/json/JsonConfiguration
	at com.xenojava.tournament.utils.Json.<init>(Json.java:15) ~[?:?]
	at com.xenojava.tournament.modules.Settings.<init>(Settings.java:22) ~[?:?]
	at sun.reflect.NativeConstructorAccessorImpl.newInstance0(Native Method) ~[?:1.7.0_60]
	at sun.reflect.NativeConstructorAccessorImpl.newInstance(Unknown Source) ~[?:1.7.0_60]
	at sun.reflect.DelegatingConstructorAccessorImpl.newInstance(Unknown Source) ~[?:1.7.0_60]
	at java.lang.reflect.Constructor.newInstance(Unknown Source) ~[?:1.7.0_60]
	at java.lang.Class.newInstance(Unknown Source) ~[?:1.7.0_60]
	at com.xenojava.tournament.Manager.reg(Manager.java:49) ~[?:?]
	at com.xenojava.tournament.Manager.<init>(Manager.java:31) ~[?:?]
	at com.xenojava.tournament.Tournament.<init>(Tournament.java:36) ~[?:?]
	at com.xenojava.tournament.bukkit.TournamentPlugin.onEnable(TournamentPlugin.java:16) ~[?:?]
	at org.bukkit.plugin.java.JavaPlugin.setEnabled(JavaPlugin.java:316) ~[spigot.jar:git-Spigot-1493]
	at org.bukkit.plugin.java.JavaPluginLoader.enablePlugin(JavaPluginLoader.java:324) [spigot.jar:git-Spigot-1493]
	at org.bukkit.plugin.SimplePluginManager.enablePlugin(SimplePluginManager.java:405) [spigot.jar:git-Spigot-1493]
	at org.bukkit.craftbukkit.v1_7_R3.CraftServer.loadPlugin(CraftServer.java:465) [spigot.jar:git-Spigot-1493]
	at org.bukkit.craftbukkit.v1_7_R3.CraftServer.enablePlugins(CraftServer.java:383) [spigot.jar:git-Spigot-1493]
	at net.minecraft.server.v1_7_R3.MinecraftServer.n(MinecraftServer.java:359) [spigot.jar:git-Spigot-1493]
	at net.minecraft.server.v1_7_R3.MinecraftServer.g(MinecraftServer.java:333) [spigot.jar:git-Spigot-1493]
	at net.minecraft.server.v1_7_R3.MinecraftServer.a(MinecraftServer.java:289) [spigot.jar:git-Spigot-1493]
	at net.minecraft.server.v1_7_R3.DedicatedServer.init(DedicatedServer.java:193) [spigot.jar:git-Spigot-1493]
	at net.minecraft.server.v1_7_R3.MinecraftServer.run(MinecraftServer.java:457) [spigot.jar:git-Spigot-1493]
	at net.minecraft.server.v1_7_R3.ThreadServerApplication.run(SourceFile:628) [spigot.jar:git-Spigot-1493]
Caused by: java.lang.ClassNotFoundException: com.dumptruckman.bukkit.configuration.json.JsonConfiguration
	at java.net.URLClassLoader$1.run(Unknown Source) ~[?:1.7.0_60]
	at java.net.URLClassLoader$1.run(Unknown Source) ~[?:1.7.0_60]
	at java.security.AccessController.doPrivileged(Native Method) ~[?:1.7.0_60]
	at java.net.URLClassLoader.findClass(Unknown Source) ~[?:1.7.0_60]
	at org.bukkit.plugin.java.PluginClassLoader.findClass(PluginClassLoader.java:77) ~[spigot.jar:git-Spigot-1493]
	at org.bukkit.plugin.java.PluginClassLoader.findClass(PluginClassLoader.java:62) ~[spigot.jar:git-Spigot-1493]
	at java.lang.ClassLoader.loadClass(Unknown Source) ~[?:1.7.0_60]
	at java.lang.ClassLoader.loadClass(Unknown Source) ~[?:1.7.0_60]
	... 22 more
[19:53:55] [Server thread/INFO]: Server permissions file permissions.yml is empty, ignoring it
[19:53:55] [Server thread/INFO]: Done (2.080s)! For help, type "help" or "?"
